[INFO  - 2021-02-16T13:33:15.716Z] GhostDriver - Main - running on port 60769
[INFO  - 2021-02-16T13:33:16.589Z] Session [8680b990-705b-11eb-8a50-2335ea735b94] - page.settings - {"XSSAuditingEnabled":false,"javascriptCanCloseWindows":true,"javascriptCanOpenWindows":true,"javascriptEnabled":true,"loadImages":true,"localToRemoteUrlAccessEnabled":false,"userAgent":"Mozilla/5.0 (Unknown; Linux x86_64) AppleWebKit/538.1 (KHTML, like Gecko) PhantomJS/2.1.1 Safari/538.1","webSecurityEnabled":true}
[INFO  - 2021-02-16T13:33:16.589Z] Session [8680b990-705b-11eb-8a50-2335ea735b94] - page.customHeaders:  - {}
[INFO  - 2021-02-16T13:33:16.589Z] Session [8680b990-705b-11eb-8a50-2335ea735b94] - Session.negotiatedCapabilities - {"browserName":"phantomjs","version":"2.1.1","driverName":"ghostdriver","driverVersion":"1.2.0","platform":"linux-unknown-64bit","javascriptEnabled":true,"takesScreenshot":true,"handlesAlerts":false,"databaseEnabled":false,"locationContextEnabled":false,"applicationCacheEnabled":false,"browserConnectionEnabled":false,"cssSelectorsEnabled":true,"webStorageEnabled":false,"rotatable":false,"acceptSslCerts":false,"nativeEvents":true,"proxy":{"proxyType":"direct"}}
[INFO  - 2021-02-16T13:33:16.589Z] SessionManagerReqHand - _postNewSessionCommand - New Session Created: 8680b990-705b-11eb-8a50-2335ea735b94
[ERROR - 2021-02-16T13:33:17.535Z] Session [8680b990-705b-11eb-8a50-2335ea735b94] - page.onError - msg: TypeError: null is not an object (evaluating 'document.getElementById("language").value = "zh_CN"')

  phantomjs://platform/console++.js:263 in error
[ERROR - 2021-02-16T13:33:17.536Z] Session [8680b990-705b-11eb-8a50-2335ea735b94] - page.onError - stack:
  (anonymous function) (http://authserver.cqu.edu.cn/authserver/custom/js/login-language.js:24)

  phantomjs://platform/console++.js:263 in error
[ERROR - 2021-02-16T13:33:19.380Z] Session [8680b990-705b-11eb-8a50-2335ea735b94] - page.onError - msg: ReferenceError: Can't find variable: Set

  phantomjs://platform/console++.js:263 in error
[ERROR - 2021-02-16T13:33:19.381Z] Session [8680b990-705b-11eb-8a50-2335ea735b94] - page.onError - stack:
  (anonymous function) (https://cdn.bootcdn.net/ajax/libs/ant-design-vue/1.6.5/antd.min.js:2)
  n (https://cdn.bootcdn.net/ajax/libs/ant-design-vue/1.6.5/antd.min.js:2)
  (anonymous function) (https://cdn.bootcdn.net/ajax/libs/ant-design-vue/1.6.5/antd.min.js:2)
  n (https://cdn.bootcdn.net/ajax/libs/ant-design-vue/1.6.5/antd.min.js:2)
  (anonymous function) (https://cdn.bootcdn.net/ajax/libs/ant-design-vue/1.6.5/antd.min.js:2)
  n (https://cdn.bootcdn.net/ajax/libs/ant-design-vue/1.6.5/antd.min.js:2)
  (anonymous function) (https://cdn.bootcdn.net/ajax/libs/ant-design-vue/1.6.5/antd.min.js:2)
  n (https://cdn.bootcdn.net/ajax/libs/ant-design-vue/1.6.5/antd.min.js:2)
  (anonymous function) (https://cdn.bootcdn.net/ajax/libs/ant-design-vue/1.6.5/antd.min.js:2)
  (anonymous function) (https://cdn.bootcdn.net/ajax/libs/ant-design-vue/1.6.5/antd.min.js:2)
  (anonymous function) (https://cdn.bootcdn.net/ajax/libs/ant-design-vue/1.6.5/antd.min.js:2)

  phantomjs://platform/console++.js:263 in error
[ERROR - 2021-02-16T13:33:19.448Z] Session [8680b990-705b-11eb-8a50-2335ea735b94] - page.onError - msg: ReferenceError: Can't find variable: Set

  phantomjs://platform/console++.js:263 in error
[ERROR - 2021-02-16T13:33:19.448Z] Session [8680b990-705b-11eb-8a50-2335ea735b94] - page.onError - stack:
  (anonymous function) (https://cdn.bootcdn.net/ajax/libs/ant-design-vue/1.6.5/antd-with-locales.min.js:2)
  n (https://cdn.bootcdn.net/ajax/libs/ant-design-vue/1.6.5/antd-with-locales.min.js:2)
  (anonymous function) (https://cdn.bootcdn.net/ajax/libs/ant-design-vue/1.6.5/antd-with-locales.min.js:2)
  n (https://cdn.bootcdn.net/ajax/libs/ant-design-vue/1.6.5/antd-with-locales.min.js:2)
  (anonymous function) (https://cdn.bootcdn.net/ajax/libs/ant-design-vue/1.6.5/antd-with-locales.min.js:2)
  n (https://cdn.bootcdn.net/ajax/libs/ant-design-vue/1.6.5/antd-with-locales.min.js:2)
  (anonymous function) (https://cdn.bootcdn.net/ajax/libs/ant-design-vue/1.6.5/antd-with-locales.min.js:2)
  (anonymous function) (https://cdn.bootcdn.net/ajax/libs/ant-design-vue/1.6.5/antd-with-locales.min.js:2)
  (anonymous function) (https://cdn.bootcdn.net/ajax/libs/ant-design-vue/1.6.5/antd-with-locales.min.js:2)

  phantomjs://platform/console++.js:263 in error
